-------------------------------------------------------------------------------
Test set: com.eartar.springpetclinic.controllers.OwnerControllerTest
-------------------------------------------------------------------------------
Tests run: 4, Failures: 1, Errors: 0, Skipped: 0, Time elapsed: 0.734 s <<< FAILURE! - in com.eartar.springpetclinic.controllers.OwnerControllerTest
processFindFromReturnMany  Time elapsed: 0.674 s  <<< FAILURE!
java.lang.AssertionError: View name expected:<owners/ownerList> but was:<owners/ownersList>
	at com.eartar.springpetclinic.controllers.OwnerControllerTest.processFindFromReturnMany(OwnerControllerTest.java:75)

