-------------------------------------------------------------------------------
Test set: com.eartar.springpetclinic.controllers.OwnerControllerTest
-------------------------------------------------------------------------------
Tests run: 5, Failures: 1, Errors: 0, Skipped: 0, Time elapsed: 0.782 s <<< FAILURE! - in com.eartar.springpetclinic.controllers.OwnerControllerTest
listOwnersByIndex  Time elapsed: 0.699 s  <<< FAILURE!
java.lang.AssertionError: Status expected:<200> but was:<400>
	at com.eartar.springpetclinic.controllers.OwnerControllerTest.listOwnersByIndex(OwnerControllerTest.java:52)

